
лЎңл“ң: 550 trades

[1лӢЁкі„] л§ӨмҲҳ нӣ„ 5мқјм№ҳ OHLCV л¶Җм°©...
  unique (code, date): 550
  unique codes: 296
  [CACHE] Loaded 2062 stocks from disk
  OHLCV нҷ•ліҙ: 296  T+7s
  enriched trades: 550  T+7s

[2лӢЁкі„] л§Өл§ӨлЈ° к·ёлҰ¬л“ң м„ңм№ҳ...

=== л§Өл§ӨлЈ° к·ёлҰ¬л“ң м„ңм№ҳ (м „мІҙ trades) ===
   мІӯмӮ°%    мҶҗм Ҳ%    ліҙмң мқј       нҸүк· мҲҳмқө      мӨ‘к°„к°’      мҠ№лҘ      мҶҗм ҲлҘ 
------------------------------------------------------------------------
+  5%     -3%     3мқј     +0.32%   -3.00%   36.2%   52.7%
+  5%     -3%     5мқј     +0.36%   -3.00%   39.6%   55.3%
+  5%     -3%     7мқј     +0.36%   -3.00%   39.6%   55.3%
+  5%     -5%     3мқј     +0.29%   +0.79%   41.1%   34.5%
+  5%     -5%     5мқј     +0.46%   +2.22%   47.6%   38.4%
+  5%     -5%     7мқј     +0.46%   +2.22%   47.6%   38.4%
+  5%     -7%     3мқј     +0.43%   +1.85%   43.8%   20.5%
+  5%     -7%     5мқј     +0.71%   +5.00%   53.5%   25.5%
+  5%     -7%     7мқј     +0.71%   +5.00%   53.5%   25.5%
+  5%    -10%     3мқј     +0.40%   +2.02%   44.9%   10.2%
+  5%    -10%     5мқј     +0.80%   +5.00%   56.2%   14.7%
+  5%    -10%     7мқј     +0.80%   +5.00%   56.2%   14.7%
+  7%     -3%     3мқј     +0.36%   -3.00%   25.6%   56.9%
+  7%     -3%     5мқј     +0.45%   -3.00%   29.1%   60.4%
+  7%     -3%     7мқј     +0.45%   -3.00%   29.1%   60.4%
+  7%     -5%     3мқј     +0.41%   -0.37%   29.5%   36.9%
+  7%     -5%     5мқј     +0.68%   +0.06%   36.4%   41.5%
+  7%     -5%     7мқј     +0.68%   +0.06%   36.4%   41.5%
+  7%     -7%     3мқј     +0.56%   +0.65%   31.3%   22.0%
+  7%     -7%     5мқј     +0.99%   +2.22%   41.1%   27.6%
+  7%     -7%     7мқј     +0.99%   +2.22%   41.1%   27.6%
+  7%    -10%     3мқј     +0.52%   +0.93%   32.0%   10.7%
+  7%    -10%     5мқј     +1.10%   +3.04%   42.9%   15.8%
+  7%    -10%     7мқј     +1.10%   +3.04%   42.9%   15.8%
+ 10%     -3%     3мқј     +0.49%   -3.00%   16.5%   58.5%
+ 10%     -3%     5мқј     +0.61%   -3.00%   20.7%   63.5%
+ 10%     -3%     7мқј     +0.61%   -3.00%   20.7%   63.5%
+ 10%     -5%     3мқј     +0.64%   -0.64%   19.5%   37.8%
+ 10%     -5%     5мқј     +0.90%   -1.04%   25.5%   43.1%
+ 10%     -5%     7мқј     +0.90%   -1.04%   25.5%   43.1%
+ 10%     -7%     3мқј     +0.80%   +0.24%   20.2%   22.4%
+ 10%     -7%     5мқј     +1.26%   +0.65%   28.9%   28.5%
+ 10%     -7%     7мқј     +1.26%   +0.65%   28.9%   28.5%
+ 10%    -10%     3мқј     +0.79%   +0.48%   20.9%   10.7%
+ 10%    -10%     5мқј     +1.43%   +1.42%   30.4%   16.2%
+ 10%    -10%     7мқј     +1.43%   +1.42%   30.4%   16.2%
+ 12%     -3%     3мқј     +0.52%   -3.00%   13.1%   59.6%
+ 12%     -3%     5мқј     +0.58%   -3.00%   16.5%   65.6%
+ 12%     -3%     7мқј     +0.58%   -3.00%   16.5%   65.6%
+ 12%     -5%     3мқј     +0.67%   -0.93%   15.5%   38.5%
+ 12%     -5%     5мқј     +0.93%   -1.45%   20.5%   44.2%
+ 12%     -5%     7мқј     +0.93%   -1.45%   20.5%   44.2%
+ 12%     -7%     3мқј     +0.82%   -0.06%   15.8%   22.7%
+ 12%     -7%     5мқј     +1.31%   +0.23%   23.1%   29.1%
+ 12%     -7%     7мқј     +1.31%   +0.23%   23.1%   29.1%
+ 12%    -10%     3мқј     +0.83%   +0.24%   16.5%   10.9%
+ 12%    -10%     5мқј     +1.49%   +0.97%   24.2%   16.5%
+ 12%    -10%     7мқј     +1.49%   +0.97%   24.2%   16.5%
+ 15%     -3%     3мқј     +0.48%   -3.00%    8.0%   60.2%
+ 15%     -3%     5мқј     +0.58%   -3.00%   11.8%   66.7%
+ 15%     -3%     7мқј     +0.58%   -3.00%   11.8%   66.7%
+ 15%     -5%     3мқј     +0.70%   -0.99%   10.0%   38.9%
+ 15%     -5%     5мқј     +1.04%   -1.67%   15.3%   44.7%
+ 15%     -5%     7мқј     +1.04%   -1.67%   15.3%   44.7%
+ 15%     -7%     3мқј     +0.85%   -0.16%   10.2%   23.1%
+ 15%     -7%     5мқј     +1.42%   +0.14%   16.4%   29.5%
+ 15%     -7%     7мқј     +1.42%   +0.14%   16.4%   29.5%
+ 15%    -10%     3мқј     +0.85%   +0.14%   10.7%   11.1%
+ 15%    -10%     5мқј     +1.60%   +0.80%   17.3%   16.9%
+ 15%    -10%     7мқј     +1.60%   +0.80%   17.3%   16.9%
+ 20%     -3%     3мқј     +0.56%   -3.00%    4.5%   60.4%
+ 20%     -3%     5мқј     +0.77%   -3.00%    7.6%   66.9%
+ 20%     -3%     7мқј     +0.77%   -3.00%    7.6%   66.9%
+ 20%     -5%     3мқј     +0.73%   -0.99%    5.1%   38.9%
+ 20%     -5%     5мқј     +1.20%   -1.77%    9.5%   45.1%
+ 20%     -5%     7мқј     +1.20%   -1.77%    9.5%   45.1%
+ 20%     -7%     3мқј     +0.86%   -0.16%    5.1%   23.1%
+ 20%     -7%     5мқј     +1.54%   +0.00%    9.6%   29.5%
+ 20%     -7%     7мқј     +1.54%   +0.00%    9.6%   29.5%
+ 20%    -10%     3мқј     +0.88%   +0.14%    5.5%   11.1%
+ 20%    -10%     5мқј     +1.70%   +0.72%   10.0%   16.9%
+ 20%    -10%     7мқј     +1.70%   +0.72%   10.0%   16.9%

рҹҸҶ мөңм Ғ (нҸүк· мҲҳмқө кё°мӨҖ): мІӯмӮ° +20% / мҶҗм Ҳ -10% / ліҙмң  5мқј
   нҸүк· мҲҳмқө +1.70% / мҠ№лҘ  10.0% / мҶҗм ҲлҘ  16.9%

=== HUNT (204 trades) ===
   мІӯмӮ°%    мҶҗм Ҳ%    ліҙмң мқј       нҸүк· мҲҳмқө      мҠ№лҘ      мҶҗм ҲлҘ 
------------------------------------------------------------
+ 15%    -10%     5мқј     +2.04%   21.6%   18.6%
+ 15%    -10%     7мқј     +2.04%   21.6%   18.6%
+ 10%    -10%     5мқј     +1.82%   34.8%   17.2%
+ 10%    -10%     7мқј     +1.82%   34.8%   17.2%
+ 12%    -10%     5мқј     +1.82%   27.9%   18.1%
  рҹҸҶ HUNT мөңм Ғ: +15% / -10% / 5мқј вҶ’ нҸүк·  +2.04%

=== BREAKOUT (127 trades) ===
   мІӯмӮ°%    мҶҗм Ҳ%    ліҙмң мқј       нҸүк· мҲҳмқө      мҠ№лҘ      мҶҗм ҲлҘ 
------------------------------------------------------------
+ 15%    -10%     5мқј     +2.19%   25.2%   22.0%
+ 15%    -10%     7мқј     +2.19%   25.2%   22.0%
+ 12%    -10%     5мқј     +2.11%   36.2%   21.3%
+ 12%    -10%     7мқј     +2.11%   36.2%   21.3%
+ 10%    -10%     5мқј     +2.06%   44.1%   21.3%
  рҹҸҶ BREAKOUT мөңм Ғ: +15% / -10% / 5мқј вҶ’ нҸүк·  +2.19%

[3лӢЁкі„] мЎ°кұҙ мЎ°н•© нҡЁкіј л¶„м„қ...

=== к°ҖмһҘ к°•л Ҙн•ң мЎ°кұҙ 2к°ң мЎ°н•© (HUNT л“ұкёү) ===
мЎ°н•©                                            n      нҸүк· мў…к°Җ      нҸүк· кі м җ    +10%лҸ„лӢ¬
--------------------------------------------------------------------------------
a4_ma200up + e2_vol_burst                    19    +4.00%   +14.83%    57.9%
d4_vol_pickup + e2_vol_burst                 19    +4.00%   +14.83%    57.9%
d2_above_ma5 + e2_vol_burst                  19    +4.00%   +14.83%    57.9%
e2_vol_burst + inLeadingSector               19    +4.00%   +14.83%    57.9%
e2_vol_burst + k3_short_wick                 19    +4.00%   +14.83%    57.9%
e3_price_up + e2_vol_burst                   17    +3.24%   +14.77%    52.9%
a4_ma200up + e3_price_up                    178    +2.76%   +10.17%    35.4%
d4_vol_pickup + e3_price_up                 178    +2.76%   +10.17%    35.4%
d2_above_ma5 + e3_price_up                  178    +2.76%   +10.17%    35.4%
e3_price_up + inLeadingSector               178    +2.76%   +10.17%    35.4%

=== л§ӨмҲҳ нӣ„ мқјмһҗлі„ нҸүк·  кі м җ/м Җм җ мҲҳмқөлҘ  ===
мқјмһҗ          нҸүк· мў…к°Җ      нҸүк· кі м җ      нҸүк· м Җм җ
------------------------------------------------
+1мқј      +0.08%    +3.25%    -2.78%
+2мқј      +0.54%    +3.13%    -2.65%
+3мқј      +0.98%    +3.85%    -2.03%
+4мқј      +1.10%    +4.13%    -1.58%
+5мқј      +2.07%    +4.82%    -1.01%

=== л§ӨмҲҳ нӣ„ 5мқј лӮҙ мөңлҢҖ мғҒмҠ№лҘ  л¶„нҸ¬ ===
  мөңлҢҖкі м җ  +0~ +1%:   36кұҙ ( 6.5%)
  мөңлҢҖкі м җ  +1~ +3%:   92кұҙ (16.7%)
  мөңлҢҖкі м җ  +3~ +5%:   78кұҙ (14.2%)
  мөңлҢҖкі м җ  +5~ +7%:   71кұҙ (12.9%)
  мөңлҢҖкі м җ  +7~+10%:   69кұҙ (12.5%)
  мөңлҢҖкі м җ +10~+15%:   72кұҙ (13.1%)
  мөңлҢҖкі м җ +15~+50%:   91кұҙ (16.5%)

=== л§ӨмҲҳ нӣ„ 5мқј лӮҙ мөңм Җ н•ҳлқҪлҘ  л¶„нҸ¬ ===
  мөңм Җм Җк°Җ  -50~ -10%:   93кұҙ (16.9%)
  мөңм Җм Җк°Җ  -10~  -7%:   69кұҙ (12.5%)
  мөңм Җм Җк°Җ   -7~  -5%:   85кұҙ (15.5%)
  мөңм Җм Җк°Җ   -5~  -3%:  122кұҙ (22.2%)
  мөңм Җм Җк°Җ   -3~  +0%:  145кұҙ (26.4%)
  мөңм Җм Җк°Җ   +0~ +50%:   35кұҙ ( 6.4%)

========================================================================
  рҹҺҜ м •л°Җ л¶„м„қ н•өмӢ¬ кІ°лЎ 
========================================================================

[мөңм Ғ л§Өл§ӨлЈ°] 20% мІӯмӮ° / -10% мҶҗм Ҳ / 5мқј ліҙмң 
  вҶ’ нҸүк· мҲҳмқө +1.70%, мҠ№лҘ  10.0%, мҶҗм ҲлҘ  16.9%
  (нҳ„мһ¬ мӢңмҠӨн…ң: +10%/-7%/5мқј = нҸүк·  +1.26%)

[нҳ„мһ¬ vs мөңм Ғ м°Ёмқҙ]
  нҳ„мһ¬:  нҸүк·  +1.26%
  мөңм Ғ:  нҸүк·  +1.70%
  к°ңм„ :  +0.44%p


м ҖмһҘ: precision_analysis.json  T=7s
